<?xml version="1.0" encoding="UTF-8"?>
<!-- Generated by org.testng.reporters.JUnitXMLReporter -->
<testsuite ignored="0" hostname="DESKTOP-O7OJUQ0" failures="0" tests="3" name="Test" time="38.22" errors="0" timestamp="2024-06-13T20:51:28 IST">
  <testcase classname="com.test.MultiTest" name="SelectDropDown" time="1.647"/>
  <testcase classname="com.test.MultiTest" name="MouseHovering" time="0.757"/>
  <testcase classname="com.test.FrameHandling" name="FrameHandle" time="18.718"/>
</testsuite> <!-- Test -->
