<?xml version="1.0" encoding="UTF-8"?>
<testng-results ignored="0" total="3" passed="3" failed="0" skipped="0">
  <reporter-output>
  </reporter-output>
  <suite started-at="2024-06-13T20:50:50 IST" name="Suite" finished-at="2024-06-13T20:51:28 IST" duration-ms="38220">
    <groups>
    </groups>
    <test started-at="2024-06-13T20:50:50 IST" name="Test" finished-at="2024-06-13T20:51:28 IST" duration-ms="38220">
      <class name="com.test.MultiTest">
        <test-method is-config="true" signature="Initalization()[pri:0, instance:com.test.MultiTest@418e7838]" started-at="2024-06-13T20:50:50 IST" name="Initalization" finished-at="2024-06-13T20:51:05 IST" duration-ms="14804" status="PASS">
          <reporter-output>
          </reporter-output>
        </test-method> <!-- Initalization -->
        <test-method signature="SelectDropDown()[pri:1, instance:com.test.MultiTest@418e7838]" started-at="2024-06-13T20:51:05 IST" name="SelectDropDown" finished-at="2024-06-13T20:51:07 IST" duration-ms="1647" status="PASS">
          <reporter-output>
          </reporter-output>
        </test-method> <!-- SelectDropDown -->
        <test-method signature="MouseHovering()[pri:2, instance:com.test.MultiTest@418e7838]" started-at="2024-06-13T20:51:07 IST" name="MouseHovering" finished-at="2024-06-13T20:51:08 IST" duration-ms="757" status="PASS">
          <reporter-output>
          </reporter-output>
        </test-method> <!-- MouseHovering -->
        <test-method is-config="true" signature="CleanUp()[pri:0, instance:com.test.MultiTest@418e7838]" started-at="2024-06-13T20:51:08 IST" name="CleanUp" finished-at="2024-06-13T20:51:10 IST" duration-ms="2159" status="PASS">
          <reporter-output>
          </reporter-output>
        </test-method> <!-- CleanUp -->
      </class> <!-- com.test.MultiTest -->
      <class name="com.test.FrameHandling">
        <test-method signature="FrameHandle()[pri:0, instance:com.test.FrameHandling@63021689]" started-at="2024-06-13T20:51:10 IST" name="FrameHandle" finished-at="2024-06-13T20:51:28 IST" duration-ms="18718" status="PASS">
          <reporter-output>
          </reporter-output>
        </test-method> <!-- FrameHandle -->
      </class> <!-- com.test.FrameHandling -->
    </test> <!-- Test -->
  </suite> <!-- Suite -->
</testng-results>
