<?xml version="1.0" encoding="UTF-8"?>
<testng-results ignored="0" total="1" passed="1" failed="0" skipped="0">
  <reporter-output>
  </reporter-output>
  <suite started-at="2024-06-13T20:38:14 IST" name="Default suite" finished-at="2024-06-13T20:38:41 IST" duration-ms="26621">
    <groups>
    </groups>
    <test started-at="2024-06-13T20:38:14 IST" name="Default test" finished-at="2024-06-13T20:38:41 IST" duration-ms="26621">
      <class name="com.test.FrameHandling">
        <test-method signature="FrameHandle()[pri:0, instance:com.test.FrameHandling@4ec4f3a0]" started-at="2024-06-13T20:38:15 IST" name="FrameHandle" finished-at="2024-06-13T20:38:41 IST" duration-ms="26356" status="PASS">
          <reporter-output>
          </reporter-output>
        </test-method> <!-- FrameHandle -->
      </class> <!-- com.test.FrameHandling -->
    </test> <!-- Default test -->
  </suite> <!-- Default suite -->
</testng-results>
